Build output check failed:
    Regex: 'argument .* is not valid'
    Output line: 'cc1: warning: ‘-Werror=’ argument ‘-Werror=non-virtual-dtor’ is not valid for C'
Compilation failed:
    source file: '/root/autodl-tmp/opencv/opencv/build/CMakeFiles/CMakeTmp/src.c'
    check option: ' -fsigned-char -ffast-math -W -Wall -Werror=return-type  -Werror=non-virtual-dtor'
===== BUILD LOG =====
Change Dir: /root/autodl-tmp/opencv/opencv/build/CMakeFiles/CMakeTmp

Run Build Command:"/usr/bin/make" "cmTC_66ff2/fast"
/usr/bin/make -f CMakeFiles/cmTC_66ff2.dir/build.make CMakeFiles/cmTC_66ff2.dir/build
make[1]: Entering directory '/root/autodl-tmp/opencv/opencv/build/CMakeFiles/CMakeTmp'
Building C object CMakeFiles/cmTC_66ff2.dir/src.c.o
/usr/bin/cc   -O3 -DNDEBUG -fPIE   -fsigned-char -ffast-math -W -Wall -Werror=return-type -Werror=non-virtual-dtor -o CMakeFiles/cmTC_66ff2.dir/src.c.o   -c /root/autodl-tmp/opencv/opencv/build/CMakeFiles/CMakeTmp/src.c
cc1: warning: ‘-Werror=’ argument ‘-Werror=non-virtual-dtor’ is not valid for C
/root/autodl-tmp/opencv/opencv/build/CMakeFiles/CMakeTmp/src.c:1:0: warning: ignoring #pragma   [-Wunknown-pragmas]
 #pragma
 
Linking C executable cmTC_66ff2
/usr/bin/cmake -E cmake_link_script CMakeFiles/cmTC_66ff2.dir/link.txt --verbose=1
/usr/bin/cc   -O3 -DNDEBUG    CMakeFiles/cmTC_66ff2.dir/src.c.o  -o cmTC_66ff2 
make[1]: Leaving directory '/root/autodl-tmp/opencv/opencv/build/CMakeFiles/CMakeTmp'

===== END =====

Build output check failed:
    Regex: 'command[- ]line option .* is valid for .* but not for C\+\+'
    Output line: 'cc1plus: warning: command line option ‘-Wmissing-prototypes’ is valid for C/ObjC but not for C++'
Compilation failed:
    source file: '/root/autodl-tmp/opencv/opencv/build/CMakeFiles/CMakeTmp/src.cxx'
    check option: ' -fsigned-char -ffast-math -W -Wall -Werror=return-type -Werror=non-virtual-dtor -Werror=address -Werror=sequence-point -Wformat -Werror=format-security -Wmissing-declarations  -Wmissing-prototypes'
===== BUILD LOG =====
Change Dir: /root/autodl-tmp/opencv/opencv/build/CMakeFiles/CMakeTmp

Run Build Command:"/usr/bin/make" "cmTC_78b93/fast"
/usr/bin/make -f CMakeFiles/cmTC_78b93.dir/build.make CMakeFiles/cmTC_78b93.dir/build
make[1]: Entering directory '/root/autodl-tmp/opencv/opencv/build/CMakeFiles/CMakeTmp'
Building CXX object CMakeFiles/cmTC_78b93.dir/src.cxx.o
/usr/bin/c++    -O3 -DNDEBUG -fPIE   -fsigned-char -ffast-math -W -Wall -Werror=return-type -Werror=non-virtual-dtor -Werror=address -Werror=sequence-point -Wformat -Werror=format-security -Wmissing-declarations -Wmissing-prototypes -std=c++11 -o CMakeFiles/cmTC_78b93.dir/src.cxx.o -c /root/autodl-tmp/opencv/opencv/build/CMakeFiles/CMakeTmp/src.cxx
cc1plus: warning: command line option ‘-Wmissing-prototypes’ is valid for C/ObjC but not for C++
/root/autodl-tmp/opencv/opencv/build/CMakeFiles/CMakeTmp/src.cxx:1:0: warning: ignoring #pragma   [-Wunknown-pragmas]
 #pragma
 
Linking CXX executable cmTC_78b93
/usr/bin/cmake -E cmake_link_script CMakeFiles/cmTC_78b93.dir/link.txt --verbose=1
/usr/bin/c++    -O3 -DNDEBUG    CMakeFiles/cmTC_78b93.dir/src.cxx.o  -o cmTC_78b93 
make[1]: Leaving directory '/root/autodl-tmp/opencv/opencv/build/CMakeFiles/CMakeTmp'

===== END =====

Build output check failed:
    Regex: 'command[- ]line option .* is valid for .* but not for C\+\+'
    Output line: 'cc1plus: warning: command line option ‘-Wstrict-prototypes’ is valid for C/ObjC but not for C++'
Compilation failed:
    source file: '/root/autodl-tmp/opencv/opencv/build/CMakeFiles/CMakeTmp/src.cxx'
    check option: ' -fsigned-char -ffast-math -W -Wall -Werror=return-type -Werror=non-virtual-dtor -Werror=address -Werror=sequence-point -Wformat -Werror=format-security -Wmissing-declarations  -Wstrict-prototypes'
===== BUILD LOG =====
Change Dir: /root/autodl-tmp/opencv/opencv/build/CMakeFiles/CMakeTmp

Run Build Command:"/usr/bin/make" "cmTC_a315f/fast"
/usr/bin/make -f CMakeFiles/cmTC_a315f.dir/build.make CMakeFiles/cmTC_a315f.dir/build
make[1]: Entering directory '/root/autodl-tmp/opencv/opencv/build/CMakeFiles/CMakeTmp'
Building CXX object CMakeFiles/cmTC_a315f.dir/src.cxx.o
/usr/bin/c++    -O3 -DNDEBUG -fPIE   -fsigned-char -ffast-math -W -Wall -Werror=return-type -Werror=non-virtual-dtor -Werror=address -Werror=sequence-point -Wformat -Werror=format-security -Wmissing-declarations -Wstrict-prototypes -std=c++11 -o CMakeFiles/cmTC_a315f.dir/src.cxx.o -c /root/autodl-tmp/opencv/opencv/build/CMakeFiles/CMakeTmp/src.cxx
cc1plus: warning: command line option ‘-Wstrict-prototypes’ is valid for C/ObjC but not for C++
/root/autodl-tmp/opencv/opencv/build/CMakeFiles/CMakeTmp/src.cxx:1:0: warning: ignoring #pragma   [-Wunknown-pragmas]
 #pragma
 
Linking CXX executable cmTC_a315f
/usr/bin/cmake -E cmake_link_script CMakeFiles/cmTC_a315f.dir/link.txt --verbose=1
/usr/bin/c++    -O3 -DNDEBUG    CMakeFiles/cmTC_a315f.dir/src.cxx.o  -o cmTC_a315f 
make[1]: Leaving directory '/root/autodl-tmp/opencv/opencv/build/CMakeFiles/CMakeTmp'

===== END =====

Build output check failed:
    Regex: 'command[- ]line option .* is valid for .* but not for C'
    Output line: 'cc1: warning: command line option ‘-Wsign-promo’ is valid for C++/ObjC++ but not for C'
Compilation failed:
    source file: '/root/autodl-tmp/opencv/opencv/build/CMakeFiles/CMakeTmp/src.c'
    check option: ' -fsigned-char -ffast-math -W -Wall -Werror=return-type -Werror=address -Werror=sequence-point -Wformat -Werror=format-security -Wmissing-declarations -Wmissing-prototypes -Wstrict-prototypes -Wundef -Winit-self -Wpointer-arith -Wshadow  -Wsign-promo'
===== BUILD LOG =====
Change Dir: /root/autodl-tmp/opencv/opencv/build/CMakeFiles/CMakeTmp

Run Build Command:"/usr/bin/make" "cmTC_841a7/fast"
/usr/bin/make -f CMakeFiles/cmTC_841a7.dir/build.make CMakeFiles/cmTC_841a7.dir/build
make[1]: Entering directory '/root/autodl-tmp/opencv/opencv/build/CMakeFiles/CMakeTmp'
Building C object CMakeFiles/cmTC_841a7.dir/src.c.o
/usr/bin/cc   -O3 -DNDEBUG -fPIE   -fsigned-char -ffast-math -W -Wall -Werror=return-type -Werror=address -Werror=sequence-point -Wformat -Werror=format-security -Wmissing-declarations -Wmissing-prototypes -Wstrict-prototypes -Wundef -Winit-self -Wpointer-arith -Wshadow -Wsign-promo -o CMakeFiles/cmTC_841a7.dir/src.c.o   -c /root/autodl-tmp/opencv/opencv/build/CMakeFiles/CMakeTmp/src.c
cc1: warning: command line option ‘-Wsign-promo’ is valid for C++/ObjC++ but not for C
/root/autodl-tmp/opencv/opencv/build/CMakeFiles/CMakeTmp/src.c:1:0: warning: ignoring #pragma   [-Wunknown-pragmas]
 #pragma
 
Linking C executable cmTC_841a7
/usr/bin/cmake -E cmake_link_script CMakeFiles/cmTC_841a7.dir/link.txt --verbose=1
/usr/bin/cc   -O3 -DNDEBUG    CMakeFiles/cmTC_841a7.dir/src.c.o  -o cmTC_841a7 
make[1]: Leaving directory '/root/autodl-tmp/opencv/opencv/build/CMakeFiles/CMakeTmp'

===== END =====

Build output check failed:
    Regex: 'command[- ]line option .* is valid for .* but not for C'
    Output line: 'cc1: warning: command line option ‘-Wsuggest-override’ is valid for C++/ObjC++ but not for C'
Compilation failed:
    source file: '/root/autodl-tmp/opencv/opencv/build/CMakeFiles/CMakeTmp/src.c'
    check option: ' -fsigned-char -ffast-math -W -Wall -Werror=return-type -Werror=address -Werror=sequence-point -Wformat -Werror=format-security -Wmissing-declarations -Wmissing-prototypes -Wstrict-prototypes -Wundef -Winit-self -Wpointer-arith -Wshadow -Wuninitialized -Winit-self  -Wsuggest-override'
===== BUILD LOG =====
Change Dir: /root/autodl-tmp/opencv/opencv/build/CMakeFiles/CMakeTmp

Run Build Command:"/usr/bin/make" "cmTC_1d740/fast"
/usr/bin/make -f CMakeFiles/cmTC_1d740.dir/build.make CMakeFiles/cmTC_1d740.dir/build
make[1]: Entering directory '/root/autodl-tmp/opencv/opencv/build/CMakeFiles/CMakeTmp'
Building C object CMakeFiles/cmTC_1d740.dir/src.c.o
/usr/bin/cc   -O3 -DNDEBUG -fPIE   -fsigned-char -ffast-math -W -Wall -Werror=return-type -Werror=address -Werror=sequence-point -Wformat -Werror=format-security -Wmissing-declarations -Wmissing-prototypes -Wstrict-prototypes -Wundef -Winit-self -Wpointer-arith -Wshadow -Wuninitialized -Winit-self -Wsuggest-override -o CMakeFiles/cmTC_1d740.dir/src.c.o   -c /root/autodl-tmp/opencv/opencv/build/CMakeFiles/CMakeTmp/src.c
cc1: warning: command line option ‘-Wsuggest-override’ is valid for C++/ObjC++ but not for C
/root/autodl-tmp/opencv/opencv/build/CMakeFiles/CMakeTmp/src.c:1:0: warning: ignoring #pragma   [-Wunknown-pragmas]
 #pragma
 
Linking C executable cmTC_1d740
/usr/bin/cmake -E cmake_link_script CMakeFiles/cmTC_1d740.dir/link.txt --verbose=1
/usr/bin/cc   -O3 -DNDEBUG    CMakeFiles/cmTC_1d740.dir/src.c.o  -o cmTC_1d740 
make[1]: Leaving directory '/root/autodl-tmp/opencv/opencv/build/CMakeFiles/CMakeTmp'

===== END =====

Build output check failed:
    Regex: 'command[- ]line option .* is valid for .* but not for C'
    Output line: 'cc1: warning: command line option ‘-Wno-delete-non-virtual-dtor’ is valid for C++/ObjC++ but not for C'
Compilation failed:
    source file: '/root/autodl-tmp/opencv/opencv/build/CMakeFiles/CMakeTmp/src.c'
    check option: ' -fsigned-char -ffast-math -W -Wall -Werror=return-type -Werror=address -Werror=sequence-point -Wformat -Werror=format-security -Wmissing-declarations -Wmissing-prototypes -Wstrict-prototypes -Wundef -Winit-self -Wpointer-arith -Wshadow -Wuninitialized -Winit-self  -Wno-delete-non-virtual-dtor'
===== BUILD LOG =====
Change Dir: /root/autodl-tmp/opencv/opencv/build/CMakeFiles/CMakeTmp

Run Build Command:"/usr/bin/make" "cmTC_f22f7/fast"
/usr/bin/make -f CMakeFiles/cmTC_f22f7.dir/build.make CMakeFiles/cmTC_f22f7.dir/build
make[1]: Entering directory '/root/autodl-tmp/opencv/opencv/build/CMakeFiles/CMakeTmp'
Building C object CMakeFiles/cmTC_f22f7.dir/src.c.o
/usr/bin/cc   -O3 -DNDEBUG -fPIE   -fsigned-char -ffast-math -W -Wall -Werror=return-type -Werror=address -Werror=sequence-point -Wformat -Werror=format-security -Wmissing-declarations -Wmissing-prototypes -Wstrict-prototypes -Wundef -Winit-self -Wpointer-arith -Wshadow -Wuninitialized -Winit-self -Wno-delete-non-virtual-dtor -o CMakeFiles/cmTC_f22f7.dir/src.c.o   -c /root/autodl-tmp/opencv/opencv/build/CMakeFiles/CMakeTmp/src.c
cc1: warning: command line option ‘-Wno-delete-non-virtual-dtor’ is valid for C++/ObjC++ but not for C
/root/autodl-tmp/opencv/opencv/build/CMakeFiles/CMakeTmp/src.c:1:0: warning: ignoring #pragma   [-Wunknown-pragmas]
 #pragma
 
Linking C executable cmTC_f22f7
/usr/bin/cmake -E cmake_link_script CMakeFiles/cmTC_f22f7.dir/link.txt --verbose=1
/usr/bin/cc   -O3 -DNDEBUG    CMakeFiles/cmTC_f22f7.dir/src.c.o  -o cmTC_f22f7 
make[1]: Leaving directory '/root/autodl-tmp/opencv/opencv/build/CMakeFiles/CMakeTmp'

===== END =====

Build output check failed:
    Regex: 'unrecognized .*option'
    Output line: 'cc1plus: warning: unrecognized command line option ‘-Wno-unnamed-type-template-args’'
Compilation failed:
    source file: '/root/autodl-tmp/opencv/opencv/build/CMakeFiles/CMakeTmp/src.cxx'
    check option: ' -fsigned-char -ffast-math -W -Wall -Werror=return-type -Werror=non-virtual-dtor -Werror=address -Werror=sequence-point -Wformat -Werror=format-security -Wmissing-declarations -Wundef -Winit-self -Wpointer-arith -Wshadow -Wsign-promo -Wuninitialized -Winit-self -Wsuggest-override -Wno-delete-non-virtual-dtor  -Wno-unnamed-type-template-args'
===== BUILD LOG =====
Change Dir: /root/autodl-tmp/opencv/opencv/build/CMakeFiles/CMakeTmp

Run Build Command:"/usr/bin/make" "cmTC_3012a/fast"
/usr/bin/make -f CMakeFiles/cmTC_3012a.dir/build.make CMakeFiles/cmTC_3012a.dir/build
make[1]: Entering directory '/root/autodl-tmp/opencv/opencv/build/CMakeFiles/CMakeTmp'
Building CXX object CMakeFiles/cmTC_3012a.dir/src.cxx.o
/usr/bin/c++    -O3 -DNDEBUG -fPIE   -fsigned-char -ffast-math -W -Wall -Werror=return-type -Werror=non-virtual-dtor -Werror=address -Werror=sequence-point -Wformat -Werror=format-security -Wmissing-declarations -Wundef -Winit-self -Wpointer-arith -Wshadow -Wsign-promo -Wuninitialized -Winit-self -Wsuggest-override -Wno-delete-non-virtual-dtor -Wno-unnamed-type-template-args -std=c++11 -o CMakeFiles/cmTC_3012a.dir/src.cxx.o -c /root/autodl-tmp/opencv/opencv/build/CMakeFiles/CMakeTmp/src.cxx
/root/autodl-tmp/opencv/opencv/build/CMakeFiles/CMakeTmp/src.cxx:1:0: warning: ignoring #pragma   [-Wunknown-pragmas]
 #pragma
 
cc1plus: warning: unrecognized command line option ‘-Wno-unnamed-type-template-args’
Linking CXX executable cmTC_3012a
/usr/bin/cmake -E cmake_link_script CMakeFiles/cmTC_3012a.dir/link.txt --verbose=1
/usr/bin/c++    -O3 -DNDEBUG    CMakeFiles/cmTC_3012a.dir/src.cxx.o  -o cmTC_3012a 
make[1]: Leaving directory '/root/autodl-tmp/opencv/opencv/build/CMakeFiles/CMakeTmp'

===== END =====

Build output check failed:
    Regex: 'unrecognized .*option'
    Output line: 'cc1: warning: unrecognized command line option ‘-Wno-unnamed-type-template-args’'
Compilation failed:
    source file: '/root/autodl-tmp/opencv/opencv/build/CMakeFiles/CMakeTmp/src.c'
    check option: ' -fsigned-char -ffast-math -W -Wall -Werror=return-type -Werror=address -Werror=sequence-point -Wformat -Werror=format-security -Wmissing-declarations -Wmissing-prototypes -Wstrict-prototypes -Wundef -Winit-self -Wpointer-arith -Wshadow -Wuninitialized -Winit-self  -Wno-unnamed-type-template-args'
===== BUILD LOG =====
Change Dir: /root/autodl-tmp/opencv/opencv/build/CMakeFiles/CMakeTmp

Run Build Command:"/usr/bin/make" "cmTC_e851a/fast"
/usr/bin/make -f CMakeFiles/cmTC_e851a.dir/build.make CMakeFiles/cmTC_e851a.dir/build
make[1]: Entering directory '/root/autodl-tmp/opencv/opencv/build/CMakeFiles/CMakeTmp'
Building C object CMakeFiles/cmTC_e851a.dir/src.c.o
/usr/bin/cc   -O3 -DNDEBUG -fPIE   -fsigned-char -ffast-math -W -Wall -Werror=return-type -Werror=address -Werror=sequence-point -Wformat -Werror=format-security -Wmissing-declarations -Wmissing-prototypes -Wstrict-prototypes -Wundef -Winit-self -Wpointer-arith -Wshadow -Wuninitialized -Winit-self -Wno-unnamed-type-template-args -o CMakeFiles/cmTC_e851a.dir/src.c.o   -c /root/autodl-tmp/opencv/opencv/build/CMakeFiles/CMakeTmp/src.c
/root/autodl-tmp/opencv/opencv/build/CMakeFiles/CMakeTmp/src.c:1:0: warning: ignoring #pragma   [-Wunknown-pragmas]
 #pragma
 
cc1: warning: unrecognized command line option ‘-Wno-unnamed-type-template-args’
Linking C executable cmTC_e851a
/usr/bin/cmake -E cmake_link_script CMakeFiles/cmTC_e851a.dir/link.txt --verbose=1
/usr/bin/cc   -O3 -DNDEBUG    CMakeFiles/cmTC_e851a.dir/src.c.o  -o cmTC_e851a 
make[1]: Leaving directory '/root/autodl-tmp/opencv/opencv/build/CMakeFiles/CMakeTmp'

===== END =====

Build output check failed:
    Regex: 'command[- ]line option .* is valid for .* but not for C'
    Output line: 'cc1: warning: command line option ‘-fvisibility-inlines-hidden’ is valid for C++/ObjC++ but not for C'
Compilation failed:
    source file: '/root/autodl-tmp/opencv/opencv/build/CMakeFiles/CMakeTmp/src.c'
    check option: ' -fsigned-char -ffast-math -W -Wall -Werror=return-type -Werror=address -Werror=sequence-point -Wformat -Werror=format-security -Wmissing-declarations -Wmissing-prototypes -Wstrict-prototypes -Wundef -Winit-self -Wpointer-arith -Wshadow -Wuninitialized -Winit-self -Wno-comment -Wimplicit-fallthrough=3 -Wno-strict-overflow -fdiagnostics-show-option -Wno-long-long -pthread -fomit-frame-pointer -ffunction-sections -fdata-sections  -msse -msse2 -msse3 -fvisibility=hidden  -fvisibility-inlines-hidden'
===== BUILD LOG =====
Change Dir: /root/autodl-tmp/opencv/opencv/build/CMakeFiles/CMakeTmp

Run Build Command:"/usr/bin/make" "cmTC_3125c/fast"
/usr/bin/make -f CMakeFiles/cmTC_3125c.dir/build.make CMakeFiles/cmTC_3125c.dir/build
make[1]: Entering directory '/root/autodl-tmp/opencv/opencv/build/CMakeFiles/CMakeTmp'
Building C object CMakeFiles/cmTC_3125c.dir/src.c.o
/usr/bin/cc   -O3 -DNDEBUG -fPIE   -fsigned-char -ffast-math -W -Wall -Werror=return-type -Werror=address -Werror=sequence-point -Wformat -Werror=format-security -Wmissing-declarations -Wmissing-prototypes -Wstrict-prototypes -Wundef -Winit-self -Wpointer-arith -Wshadow -Wuninitialized -Winit-self -Wno-comment -Wimplicit-fallthrough=3 -Wno-strict-overflow -fdiagnostics-show-option -Wno-long-long -pthread -fomit-frame-pointer -ffunction-sections -fdata-sections -msse -msse2 -msse3 -fvisibility=hidden -fvisibility-inlines-hidden -o CMakeFiles/cmTC_3125c.dir/src.c.o   -c /root/autodl-tmp/opencv/opencv/build/CMakeFiles/CMakeTmp/src.c
cc1: warning: command line option ‘-fvisibility-inlines-hidden’ is valid for C++/ObjC++ but not for C
/root/autodl-tmp/opencv/opencv/build/CMakeFiles/CMakeTmp/src.c:1:0: warning: ignoring #pragma   [-Wunknown-pragmas]
 #pragma
 
Linking C executable cmTC_3125c
/usr/bin/cmake -E cmake_link_script CMakeFiles/cmTC_3125c.dir/link.txt --verbose=1
/usr/bin/cc   -O3 -DNDEBUG    CMakeFiles/cmTC_3125c.dir/src.c.o  -o cmTC_3125c 
make[1]: Leaving directory '/root/autodl-tmp/opencv/opencv/build/CMakeFiles/CMakeTmp'

===== END =====

Determining if the _aligned_malloc exist failed with the following output:
Change Dir: /root/autodl-tmp/opencv/opencv/build/CMakeFiles/CMakeTmp

Run Build Command:"/usr/bin/make" "cmTC_c91f8/fast"
/usr/bin/make -f CMakeFiles/cmTC_c91f8.dir/build.make CMakeFiles/cmTC_c91f8.dir/build
make[1]: Entering directory '/root/autodl-tmp/opencv/opencv/build/CMakeFiles/CMakeTmp'
Building C object CMakeFiles/cmTC_c91f8.dir/CheckSymbolExists.c.o
/usr/bin/cc   -fsigned-char -ffast-math -W -Wall -Werror=return-type -Werror=address -Werror=sequence-point -Wformat -Werror=format-security -Wmissing-declarations -Wmissing-prototypes -Wstrict-prototypes -Wundef -Winit-self -Wpointer-arith -Wshadow -Wuninitialized -Winit-self -Wno-comment -Wimplicit-fallthrough=3 -Wno-strict-overflow -fdiagnostics-show-option -Wno-long-long -pthread -fomit-frame-pointer -ffunction-sections -fdata-sections  -msse -msse2 -msse3 -fvisibility=hidden  -O3 -DNDEBUG  -DNDEBUG -fPIE   -o CMakeFiles/cmTC_c91f8.dir/CheckSymbolExists.c.o   -c /root/autodl-tmp/opencv/opencv/build/CMakeFiles/CMakeTmp/CheckSymbolExists.c
/root/autodl-tmp/opencv/opencv/build/CMakeFiles/CMakeTmp/CheckSymbolExists.c: In function ‘main’:
/root/autodl-tmp/opencv/opencv/build/CMakeFiles/CMakeTmp/CheckSymbolExists.c:8:19: error: ‘_aligned_malloc’ undeclared (first use in this function); did you mean ‘__builtin_malloc’?
   return ((int*)(&_aligned_malloc))[argc];
                   ^~~~~~~~~~~~~~~
                   __builtin_malloc
/root/autodl-tmp/opencv/opencv/build/CMakeFiles/CMakeTmp/CheckSymbolExists.c:8:19: note: each undeclared identifier is reported only once for each function it appears in
/root/autodl-tmp/opencv/opencv/build/CMakeFiles/CMakeTmp/CheckSymbolExists.c:4:14: warning: parameter ‘argc’ set but not used [-Wunused-but-set-parameter]
 int main(int argc, char** argv)
              ^~~~
CMakeFiles/cmTC_c91f8.dir/build.make:65: recipe for target 'CMakeFiles/cmTC_c91f8.dir/CheckSymbolExists.c.o' failed
make[1]: *** [CMakeFiles/cmTC_c91f8.dir/CheckSymbolExists.c.o] Error 1
make[1]: Leaving directory '/root/autodl-tmp/opencv/opencv/build/CMakeFiles/CMakeTmp'
Makefile:126: recipe for target 'cmTC_c91f8/fast' failed
make: *** [cmTC_c91f8/fast] Error 2

File /root/autodl-tmp/opencv/opencv/build/CMakeFiles/CMakeTmp/CheckSymbolExists.c:
/* */
#include <malloc.h>

int main(int argc, char** argv)
{
  (void)argv;
#ifndef _aligned_malloc
  return ((int*)(&_aligned_malloc))[argc];
#else
  (void)argc;
  return 0;
#endif
}

Build output check failed:
    Regex: 'unrecognized .*option'
    Output line: 'cc1: warning: unrecognized command line option ‘-Wno-cast-function-type’'
Compilation failed:
    source file: '/root/autodl-tmp/opencv/opencv/build/CMakeFiles/CMakeTmp/src.c'
    check option: ' -Wno-cast-function-type'
===== BUILD LOG =====
Change Dir: /root/autodl-tmp/opencv/opencv/build/CMakeFiles/CMakeTmp

Run Build Command:"/usr/bin/make" "cmTC_5c749/fast"
/usr/bin/make -f CMakeFiles/cmTC_5c749.dir/build.make CMakeFiles/cmTC_5c749.dir/build
make[1]: Entering directory '/root/autodl-tmp/opencv/opencv/build/CMakeFiles/CMakeTmp'
Building C object CMakeFiles/cmTC_5c749.dir/src.c.o
/usr/bin/cc   -fsigned-char -ffast-math -W -Wall -Werror=return-type -Werror=address -Werror=sequence-point -Wformat -Werror=format-security -Wmissing-declarations -Wmissing-prototypes -Winit-self -Wpointer-arith -Wshadow -Wuninitialized -Winit-self -Wno-comment -Wimplicit-fallthrough=3 -Wno-strict-overflow -fdiagnostics-show-option -Wno-long-long -pthread -fomit-frame-pointer -ffunction-sections -fdata-sections  -msse -msse2 -msse3 -fvisibility=hidden -Wno-undef -Wno-strict-prototypes  -O3 -DNDEBUG  -DNDEBUG -fPIE   -Wno-cast-function-type -o CMakeFiles/cmTC_5c749.dir/src.c.o   -c /root/autodl-tmp/opencv/opencv/build/CMakeFiles/CMakeTmp/src.c
/root/autodl-tmp/opencv/opencv/build/CMakeFiles/CMakeTmp/src.c:1:0: warning: ignoring #pragma   [-Wunknown-pragmas]
 #pragma
 
cc1: warning: unrecognized command line option ‘-Wno-cast-function-type’
Linking C executable cmTC_5c749
/usr/bin/cmake -E cmake_link_script CMakeFiles/cmTC_5c749.dir/link.txt --verbose=1
/usr/bin/cc    -fsigned-char -ffast-math -W -Wall -Werror=return-type -Werror=address -Werror=sequence-point -Wformat -Werror=format-security -Wmissing-declarations -Wmissing-prototypes -Winit-self -Wpointer-arith -Wshadow -Wuninitialized -Winit-self -Wno-comment -Wimplicit-fallthrough=3 -Wno-strict-overflow -fdiagnostics-show-option -Wno-long-long -pthread -fomit-frame-pointer -ffunction-sections -fdata-sections  -msse -msse2 -msse3 -fvisibility=hidden -Wno-undef -Wno-strict-prototypes  -O3 -DNDEBUG  -DNDEBUG    -Wl,--gc-sections -Wl,--as-needed  CMakeFiles/cmTC_5c749.dir/src.c.o  -o cmTC_5c749 
make[1]: Leaving directory '/root/autodl-tmp/opencv/opencv/build/CMakeFiles/CMakeTmp'

===== END =====

Build output check failed:
    Regex: 'argument .* is not valid'
    Output line: 'cc1: warning: ‘-Werror=’ argument ‘-Werror=non-virtual-dtor’ is not valid for C'
Compilation failed:
    source file: '/root/autodl-tmp/opencv/opencv/build/CMakeFiles/CMakeTmp/src.c'
    check option: ' -fsigned-char -ffast-math -W -Wall -Werror=return-type  -Werror=non-virtual-dtor'
===== BUILD LOG =====
Change Dir: /root/autodl-tmp/opencv/opencv/build/CMakeFiles/CMakeTmp

Run Build Command:"/usr/bin/make" "cmTC_e2d14/fast"
/usr/bin/make -f CMakeFiles/cmTC_e2d14.dir/build.make CMakeFiles/cmTC_e2d14.dir/build
make[1]: Entering directory '/root/autodl-tmp/opencv/opencv/build/CMakeFiles/CMakeTmp'
Building C object CMakeFiles/cmTC_e2d14.dir/src.c.o
/usr/bin/cc   -O3 -DNDEBUG -fPIE   -fsigned-char -ffast-math -W -Wall -Werror=return-type -Werror=non-virtual-dtor -o CMakeFiles/cmTC_e2d14.dir/src.c.o   -c /root/autodl-tmp/opencv/opencv/build/CMakeFiles/CMakeTmp/src.c
cc1: warning: ‘-Werror=’ argument ‘-Werror=non-virtual-dtor’ is not valid for C
/root/autodl-tmp/opencv/opencv/build/CMakeFiles/CMakeTmp/src.c:1:0: warning: ignoring #pragma   [-Wunknown-pragmas]
 #pragma
 
Linking C executable cmTC_e2d14
/usr/bin/cmake -E cmake_link_script CMakeFiles/cmTC_e2d14.dir/link.txt --verbose=1
/usr/bin/cc   -O3 -DNDEBUG    CMakeFiles/cmTC_e2d14.dir/src.c.o  -o cmTC_e2d14 
make[1]: Leaving directory '/root/autodl-tmp/opencv/opencv/build/CMakeFiles/CMakeTmp'

===== END =====

Build output check failed:
    Regex: 'command[- ]line option .* is valid for .* but not for C\+\+'
    Output line: 'cc1plus: warning: command line option ‘-Wmissing-prototypes’ is valid for C/ObjC but not for C++'
Compilation failed:
    source file: '/root/autodl-tmp/opencv/opencv/build/CMakeFiles/CMakeTmp/src.cxx'
    check option: ' -fsigned-char -ffast-math -W -Wall -Werror=return-type -Werror=non-virtual-dtor -Werror=address -Werror=sequence-point -Wformat -Werror=format-security -Wmissing-declarations  -Wmissing-prototypes'
===== BUILD LOG =====
Change Dir: /root/autodl-tmp/opencv/opencv/build/CMakeFiles/CMakeTmp

Run Build Command:"/usr/bin/make" "cmTC_9370a/fast"
/usr/bin/make -f CMakeFiles/cmTC_9370a.dir/build.make CMakeFiles/cmTC_9370a.dir/build
make[1]: Entering directory '/root/autodl-tmp/opencv/opencv/build/CMakeFiles/CMakeTmp'
Building CXX object CMakeFiles/cmTC_9370a.dir/src.cxx.o
/usr/bin/c++    -O3 -DNDEBUG -fPIE   -fsigned-char -ffast-math -W -Wall -Werror=return-type -Werror=non-virtual-dtor -Werror=address -Werror=sequence-point -Wformat -Werror=format-security -Wmissing-declarations -Wmissing-prototypes -std=c++11 -o CMakeFiles/cmTC_9370a.dir/src.cxx.o -c /root/autodl-tmp/opencv/opencv/build/CMakeFiles/CMakeTmp/src.cxx
cc1plus: warning: command line option ‘-Wmissing-prototypes’ is valid for C/ObjC but not for C++
/root/autodl-tmp/opencv/opencv/build/CMakeFiles/CMakeTmp/src.cxx:1:0: warning: ignoring #pragma   [-Wunknown-pragmas]
 #pragma
 
Linking CXX executable cmTC_9370a
/usr/bin/cmake -E cmake_link_script CMakeFiles/cmTC_9370a.dir/link.txt --verbose=1
/usr/bin/c++    -O3 -DNDEBUG    CMakeFiles/cmTC_9370a.dir/src.cxx.o  -o cmTC_9370a 
make[1]: Leaving directory '/root/autodl-tmp/opencv/opencv/build/CMakeFiles/CMakeTmp'

===== END =====

Build output check failed:
    Regex: 'command[- ]line option .* is valid for .* but not for C\+\+'
    Output line: 'cc1plus: warning: command line option ‘-Wstrict-prototypes’ is valid for C/ObjC but not for C++'
Compilation failed:
    source file: '/root/autodl-tmp/opencv/opencv/build/CMakeFiles/CMakeTmp/src.cxx'
    check option: ' -fsigned-char -ffast-math -W -Wall -Werror=return-type -Werror=non-virtual-dtor -Werror=address -Werror=sequence-point -Wformat -Werror=format-security -Wmissing-declarations  -Wstrict-prototypes'
===== BUILD LOG =====
Change Dir: /root/autodl-tmp/opencv/opencv/build/CMakeFiles/CMakeTmp

Run Build Command:"/usr/bin/make" "cmTC_e5b8a/fast"
/usr/bin/make -f CMakeFiles/cmTC_e5b8a.dir/build.make CMakeFiles/cmTC_e5b8a.dir/build
make[1]: Entering directory '/root/autodl-tmp/opencv/opencv/build/CMakeFiles/CMakeTmp'
Building CXX object CMakeFiles/cmTC_e5b8a.dir/src.cxx.o
/usr/bin/c++    -O3 -DNDEBUG -fPIE   -fsigned-char -ffast-math -W -Wall -Werror=return-type -Werror=non-virtual-dtor -Werror=address -Werror=sequence-point -Wformat -Werror=format-security -Wmissing-declarations -Wstrict-prototypes -std=c++11 -o CMakeFiles/cmTC_e5b8a.dir/src.cxx.o -c /root/autodl-tmp/opencv/opencv/build/CMakeFiles/CMakeTmp/src.cxx
cc1plus: warning: command line option ‘-Wstrict-prototypes’ is valid for C/ObjC but not for C++
/root/autodl-tmp/opencv/opencv/build/CMakeFiles/CMakeTmp/src.cxx:1:0: warning: ignoring #pragma   [-Wunknown-pragmas]
 #pragma
 
Linking CXX executable cmTC_e5b8a
/usr/bin/cmake -E cmake_link_script CMakeFiles/cmTC_e5b8a.dir/link.txt --verbose=1
/usr/bin/c++    -O3 -DNDEBUG    CMakeFiles/cmTC_e5b8a.dir/src.cxx.o  -o cmTC_e5b8a 
make[1]: Leaving directory '/root/autodl-tmp/opencv/opencv/build/CMakeFiles/CMakeTmp'

===== END =====

Build output check failed:
    Regex: 'command[- ]line option .* is valid for .* but not for C'
    Output line: 'cc1: warning: command line option ‘-Wsign-promo’ is valid for C++/ObjC++ but not for C'
Compilation failed:
    source file: '/root/autodl-tmp/opencv/opencv/build/CMakeFiles/CMakeTmp/src.c'
    check option: ' -fsigned-char -ffast-math -W -Wall -Werror=return-type -Werror=address -Werror=sequence-point -Wformat -Werror=format-security -Wmissing-declarations -Wmissing-prototypes -Wstrict-prototypes -Wundef -Winit-self -Wpointer-arith -Wshadow  -Wsign-promo'
===== BUILD LOG =====
Change Dir: /root/autodl-tmp/opencv/opencv/build/CMakeFiles/CMakeTmp

Run Build Command:"/usr/bin/make" "cmTC_32266/fast"
/usr/bin/make -f CMakeFiles/cmTC_32266.dir/build.make CMakeFiles/cmTC_32266.dir/build
make[1]: Entering directory '/root/autodl-tmp/opencv/opencv/build/CMakeFiles/CMakeTmp'
Building C object CMakeFiles/cmTC_32266.dir/src.c.o
/usr/bin/cc   -O3 -DNDEBUG -fPIE   -fsigned-char -ffast-math -W -Wall -Werror=return-type -Werror=address -Werror=sequence-point -Wformat -Werror=format-security -Wmissing-declarations -Wmissing-prototypes -Wstrict-prototypes -Wundef -Winit-self -Wpointer-arith -Wshadow -Wsign-promo -o CMakeFiles/cmTC_32266.dir/src.c.o   -c /root/autodl-tmp/opencv/opencv/build/CMakeFiles/CMakeTmp/src.c
cc1: warning: command line option ‘-Wsign-promo’ is valid for C++/ObjC++ but not for C
/root/autodl-tmp/opencv/opencv/build/CMakeFiles/CMakeTmp/src.c:1:0: warning: ignoring #pragma   [-Wunknown-pragmas]
 #pragma
 
Linking C executable cmTC_32266
/usr/bin/cmake -E cmake_link_script CMakeFiles/cmTC_32266.dir/link.txt --verbose=1
/usr/bin/cc   -O3 -DNDEBUG    CMakeFiles/cmTC_32266.dir/src.c.o  -o cmTC_32266 
make[1]: Leaving directory '/root/autodl-tmp/opencv/opencv/build/CMakeFiles/CMakeTmp'

===== END =====

Build output check failed:
    Regex: 'command[- ]line option .* is valid for .* but not for C'
    Output line: 'cc1: warning: command line option ‘-Wsuggest-override’ is valid for C++/ObjC++ but not for C'
Compilation failed:
    source file: '/root/autodl-tmp/opencv/opencv/build/CMakeFiles/CMakeTmp/src.c'
    check option: ' -fsigned-char -ffast-math -W -Wall -Werror=return-type -Werror=address -Werror=sequence-point -Wformat -Werror=format-security -Wmissing-declarations -Wmissing-prototypes -Wstrict-prototypes -Wundef -Winit-self -Wpointer-arith -Wshadow -Wuninitialized -Winit-self  -Wsuggest-override'
===== BUILD LOG =====
Change Dir: /root/autodl-tmp/opencv/opencv/build/CMakeFiles/CMakeTmp

Run Build Command:"/usr/bin/make" "cmTC_cb220/fast"
/usr/bin/make -f CMakeFiles/cmTC_cb220.dir/build.make CMakeFiles/cmTC_cb220.dir/build
make[1]: Entering directory '/root/autodl-tmp/opencv/opencv/build/CMakeFiles/CMakeTmp'
Building C object CMakeFiles/cmTC_cb220.dir/src.c.o
/usr/bin/cc   -O3 -DNDEBUG -fPIE   -fsigned-char -ffast-math -W -Wall -Werror=return-type -Werror=address -Werror=sequence-point -Wformat -Werror=format-security -Wmissing-declarations -Wmissing-prototypes -Wstrict-prototypes -Wundef -Winit-self -Wpointer-arith -Wshadow -Wuninitialized -Winit-self -Wsuggest-override -o CMakeFiles/cmTC_cb220.dir/src.c.o   -c /root/autodl-tmp/opencv/opencv/build/CMakeFiles/CMakeTmp/src.c
cc1: warning: command line option ‘-Wsuggest-override’ is valid for C++/ObjC++ but not for C
/root/autodl-tmp/opencv/opencv/build/CMakeFiles/CMakeTmp/src.c:1:0: warning: ignoring #pragma   [-Wunknown-pragmas]
 #pragma
 
Linking C executable cmTC_cb220
/usr/bin/cmake -E cmake_link_script CMakeFiles/cmTC_cb220.dir/link.txt --verbose=1
/usr/bin/cc   -O3 -DNDEBUG    CMakeFiles/cmTC_cb220.dir/src.c.o  -o cmTC_cb220 
make[1]: Leaving directory '/root/autodl-tmp/opencv/opencv/build/CMakeFiles/CMakeTmp'

===== END =====

Build output check failed:
    Regex: 'command[- ]line option .* is valid for .* but not for C'
    Output line: 'cc1: warning: command line option ‘-Wno-delete-non-virtual-dtor’ is valid for C++/ObjC++ but not for C'
Compilation failed:
    source file: '/root/autodl-tmp/opencv/opencv/build/CMakeFiles/CMakeTmp/src.c'
    check option: ' -fsigned-char -ffast-math -W -Wall -Werror=return-type -Werror=address -Werror=sequence-point -Wformat -Werror=format-security -Wmissing-declarations -Wmissing-prototypes -Wstrict-prototypes -Wundef -Winit-self -Wpointer-arith -Wshadow -Wuninitialized -Winit-self  -Wno-delete-non-virtual-dtor'
===== BUILD LOG =====
Change Dir: /root/autodl-tmp/opencv/opencv/build/CMakeFiles/CMakeTmp

Run Build Command:"/usr/bin/make" "cmTC_5c03e/fast"
/usr/bin/make -f CMakeFiles/cmTC_5c03e.dir/build.make CMakeFiles/cmTC_5c03e.dir/build
make[1]: Entering directory '/root/autodl-tmp/opencv/opencv/build/CMakeFiles/CMakeTmp'
Building C object CMakeFiles/cmTC_5c03e.dir/src.c.o
/usr/bin/cc   -O3 -DNDEBUG -fPIE   -fsigned-char -ffast-math -W -Wall -Werror=return-type -Werror=address -Werror=sequence-point -Wformat -Werror=format-security -Wmissing-declarations -Wmissing-prototypes -Wstrict-prototypes -Wundef -Winit-self -Wpointer-arith -Wshadow -Wuninitialized -Winit-self -Wno-delete-non-virtual-dtor -o CMakeFiles/cmTC_5c03e.dir/src.c.o   -c /root/autodl-tmp/opencv/opencv/build/CMakeFiles/CMakeTmp/src.c
cc1: warning: command line option ‘-Wno-delete-non-virtual-dtor’ is valid for C++/ObjC++ but not for C
/root/autodl-tmp/opencv/opencv/build/CMakeFiles/CMakeTmp/src.c:1:0: warning: ignoring #pragma   [-Wunknown-pragmas]
 #pragma
 
Linking C executable cmTC_5c03e
/usr/bin/cmake -E cmake_link_script CMakeFiles/cmTC_5c03e.dir/link.txt --verbose=1
/usr/bin/cc   -O3 -DNDEBUG    CMakeFiles/cmTC_5c03e.dir/src.c.o  -o cmTC_5c03e 
make[1]: Leaving directory '/root/autodl-tmp/opencv/opencv/build/CMakeFiles/CMakeTmp'

===== END =====

Build output check failed:
    Regex: 'unrecognized .*option'
    Output line: 'cc1plus: warning: unrecognized command line option ‘-Wno-unnamed-type-template-args’'
Compilation failed:
    source file: '/root/autodl-tmp/opencv/opencv/build/CMakeFiles/CMakeTmp/src.cxx'
    check option: ' -fsigned-char -ffast-math -W -Wall -Werror=return-type -Werror=non-virtual-dtor -Werror=address -Werror=sequence-point -Wformat -Werror=format-security -Wmissing-declarations -Wundef -Winit-self -Wpointer-arith -Wshadow -Wsign-promo -Wuninitialized -Winit-self -Wsuggest-override -Wno-delete-non-virtual-dtor  -Wno-unnamed-type-template-args'
===== BUILD LOG =====
Change Dir: /root/autodl-tmp/opencv/opencv/build/CMakeFiles/CMakeTmp

Run Build Command:"/usr/bin/make" "cmTC_6b64e/fast"
/usr/bin/make -f CMakeFiles/cmTC_6b64e.dir/build.make CMakeFiles/cmTC_6b64e.dir/build
make[1]: Entering directory '/root/autodl-tmp/opencv/opencv/build/CMakeFiles/CMakeTmp'
Building CXX object CMakeFiles/cmTC_6b64e.dir/src.cxx.o
/usr/bin/c++    -O3 -DNDEBUG -fPIE   -fsigned-char -ffast-math -W -Wall -Werror=return-type -Werror=non-virtual-dtor -Werror=address -Werror=sequence-point -Wformat -Werror=format-security -Wmissing-declarations -Wundef -Winit-self -Wpointer-arith -Wshadow -Wsign-promo -Wuninitialized -Winit-self -Wsuggest-override -Wno-delete-non-virtual-dtor -Wno-unnamed-type-template-args -std=c++11 -o CMakeFiles/cmTC_6b64e.dir/src.cxx.o -c /root/autodl-tmp/opencv/opencv/build/CMakeFiles/CMakeTmp/src.cxx
/root/autodl-tmp/opencv/opencv/build/CMakeFiles/CMakeTmp/src.cxx:1:0: warning: ignoring #pragma   [-Wunknown-pragmas]
 #pragma
 
cc1plus: warning: unrecognized command line option ‘-Wno-unnamed-type-template-args’
Linking CXX executable cmTC_6b64e
/usr/bin/cmake -E cmake_link_script CMakeFiles/cmTC_6b64e.dir/link.txt --verbose=1
/usr/bin/c++    -O3 -DNDEBUG    CMakeFiles/cmTC_6b64e.dir/src.cxx.o  -o cmTC_6b64e 
make[1]: Leaving directory '/root/autodl-tmp/opencv/opencv/build/CMakeFiles/CMakeTmp'

===== END =====

Build output check failed:
    Regex: 'unrecognized .*option'
    Output line: 'cc1: warning: unrecognized command line option ‘-Wno-unnamed-type-template-args’'
Compilation failed:
    source file: '/root/autodl-tmp/opencv/opencv/build/CMakeFiles/CMakeTmp/src.c'
    check option: ' -fsigned-char -ffast-math -W -Wall -Werror=return-type -Werror=address -Werror=sequence-point -Wformat -Werror=format-security -Wmissing-declarations -Wmissing-prototypes -Wstrict-prototypes -Wundef -Winit-self -Wpointer-arith -Wshadow -Wuninitialized -Winit-self  -Wno-unnamed-type-template-args'
===== BUILD LOG =====
Change Dir: /root/autodl-tmp/opencv/opencv/build/CMakeFiles/CMakeTmp

Run Build Command:"/usr/bin/make" "cmTC_05166/fast"
/usr/bin/make -f CMakeFiles/cmTC_05166.dir/build.make CMakeFiles/cmTC_05166.dir/build
make[1]: Entering directory '/root/autodl-tmp/opencv/opencv/build/CMakeFiles/CMakeTmp'
Building C object CMakeFiles/cmTC_05166.dir/src.c.o
/usr/bin/cc   -O3 -DNDEBUG -fPIE   -fsigned-char -ffast-math -W -Wall -Werror=return-type -Werror=address -Werror=sequence-point -Wformat -Werror=format-security -Wmissing-declarations -Wmissing-prototypes -Wstrict-prototypes -Wundef -Winit-self -Wpointer-arith -Wshadow -Wuninitialized -Winit-self -Wno-unnamed-type-template-args -o CMakeFiles/cmTC_05166.dir/src.c.o   -c /root/autodl-tmp/opencv/opencv/build/CMakeFiles/CMakeTmp/src.c
/root/autodl-tmp/opencv/opencv/build/CMakeFiles/CMakeTmp/src.c:1:0: warning: ignoring #pragma   [-Wunknown-pragmas]
 #pragma
 
cc1: warning: unrecognized command line option ‘-Wno-unnamed-type-template-args’
Linking C executable cmTC_05166
/usr/bin/cmake -E cmake_link_script CMakeFiles/cmTC_05166.dir/link.txt --verbose=1
/usr/bin/cc   -O3 -DNDEBUG    CMakeFiles/cmTC_05166.dir/src.c.o  -o cmTC_05166 
make[1]: Leaving directory '/root/autodl-tmp/opencv/opencv/build/CMakeFiles/CMakeTmp'

===== END =====

Build output check failed:
    Regex: 'command[- ]line option .* is valid for .* but not for C'
    Output line: 'cc1: warning: command line option ‘-fvisibility-inlines-hidden’ is valid for C++/ObjC++ but not for C'
Compilation failed:
    source file: '/root/autodl-tmp/opencv/opencv/build/CMakeFiles/CMakeTmp/src.c'
    check option: ' -fsigned-char -ffast-math -W -Wall -Werror=return-type -Werror=address -Werror=sequence-point -Wformat -Werror=format-security -Wmissing-declarations -Wmissing-prototypes -Wstrict-prototypes -Wundef -Winit-self -Wpointer-arith -Wshadow -Wuninitialized -Winit-self -Wno-comment -Wimplicit-fallthrough=3 -Wno-strict-overflow -fdiagnostics-show-option -Wno-long-long -pthread -fomit-frame-pointer -ffunction-sections -fdata-sections  -msse -msse2 -msse3 -fvisibility=hidden  -fvisibility-inlines-hidden'
===== BUILD LOG =====
Change Dir: /root/autodl-tmp/opencv/opencv/build/CMakeFiles/CMakeTmp

Run Build Command:"/usr/bin/make" "cmTC_56534/fast"
/usr/bin/make -f CMakeFiles/cmTC_56534.dir/build.make CMakeFiles/cmTC_56534.dir/build
make[1]: Entering directory '/root/autodl-tmp/opencv/opencv/build/CMakeFiles/CMakeTmp'
Building C object CMakeFiles/cmTC_56534.dir/src.c.o
/usr/bin/cc   -O3 -DNDEBUG -fPIE   -fsigned-char -ffast-math -W -Wall -Werror=return-type -Werror=address -Werror=sequence-point -Wformat -Werror=format-security -Wmissing-declarations -Wmissing-prototypes -Wstrict-prototypes -Wundef -Winit-self -Wpointer-arith -Wshadow -Wuninitialized -Winit-self -Wno-comment -Wimplicit-fallthrough=3 -Wno-strict-overflow -fdiagnostics-show-option -Wno-long-long -pthread -fomit-frame-pointer -ffunction-sections -fdata-sections -msse -msse2 -msse3 -fvisibility=hidden -fvisibility-inlines-hidden -o CMakeFiles/cmTC_56534.dir/src.c.o   -c /root/autodl-tmp/opencv/opencv/build/CMakeFiles/CMakeTmp/src.c
cc1: warning: command line option ‘-fvisibility-inlines-hidden’ is valid for C++/ObjC++ but not for C
/root/autodl-tmp/opencv/opencv/build/CMakeFiles/CMakeTmp/src.c:1:0: warning: ignoring #pragma   [-Wunknown-pragmas]
 #pragma
 
Linking C executable cmTC_56534
/usr/bin/cmake -E cmake_link_script CMakeFiles/cmTC_56534.dir/link.txt --verbose=1
/usr/bin/cc   -O3 -DNDEBUG    CMakeFiles/cmTC_56534.dir/src.c.o  -o cmTC_56534 
make[1]: Leaving directory '/root/autodl-tmp/opencv/opencv/build/CMakeFiles/CMakeTmp'

===== END =====

Determining if the _aligned_malloc exist failed with the following output:
Change Dir: /root/autodl-tmp/opencv/opencv/build/CMakeFiles/CMakeTmp

Run Build Command:"/usr/bin/make" "cmTC_1fcdc/fast"
/usr/bin/make -f CMakeFiles/cmTC_1fcdc.dir/build.make CMakeFiles/cmTC_1fcdc.dir/build
make[1]: Entering directory '/root/autodl-tmp/opencv/opencv/build/CMakeFiles/CMakeTmp'
Building C object CMakeFiles/cmTC_1fcdc.dir/CheckSymbolExists.c.o
/usr/bin/cc   -fsigned-char -ffast-math -W -Wall -Werror=return-type -Werror=address -Werror=sequence-point -Wformat -Werror=format-security -Wmissing-declarations -Wmissing-prototypes -Wstrict-prototypes -Wundef -Winit-self -Wpointer-arith -Wshadow -Wuninitialized -Winit-self -Wno-comment -Wimplicit-fallthrough=3 -Wno-strict-overflow -fdiagnostics-show-option -Wno-long-long -pthread -fomit-frame-pointer -ffunction-sections -fdata-sections  -msse -msse2 -msse3 -fvisibility=hidden  -O3 -DNDEBUG  -DNDEBUG -fPIE   -o CMakeFiles/cmTC_1fcdc.dir/CheckSymbolExists.c.o   -c /root/autodl-tmp/opencv/opencv/build/CMakeFiles/CMakeTmp/CheckSymbolExists.c
/root/autodl-tmp/opencv/opencv/build/CMakeFiles/CMakeTmp/CheckSymbolExists.c: In function ‘main’:
/root/autodl-tmp/opencv/opencv/build/CMakeFiles/CMakeTmp/CheckSymbolExists.c:8:19: error: ‘_aligned_malloc’ undeclared (first use in this function); did you mean ‘__builtin_malloc’?
   return ((int*)(&_aligned_malloc))[argc];
                   ^~~~~~~~~~~~~~~
                   __builtin_malloc
/root/autodl-tmp/opencv/opencv/build/CMakeFiles/CMakeTmp/CheckSymbolExists.c:8:19: note: each undeclared identifier is reported only once for each function it appears in
/root/autodl-tmp/opencv/opencv/build/CMakeFiles/CMakeTmp/CheckSymbolExists.c:4:14: warning: parameter ‘argc’ set but not used [-Wunused-but-set-parameter]
 int main(int argc, char** argv)
              ^~~~
CMakeFiles/cmTC_1fcdc.dir/build.make:65: recipe for target 'CMakeFiles/cmTC_1fcdc.dir/CheckSymbolExists.c.o' failed
make[1]: *** [CMakeFiles/cmTC_1fcdc.dir/CheckSymbolExists.c.o] Error 1
make[1]: Leaving directory '/root/autodl-tmp/opencv/opencv/build/CMakeFiles/CMakeTmp'
Makefile:126: recipe for target 'cmTC_1fcdc/fast' failed
make: *** [cmTC_1fcdc/fast] Error 2

File /root/autodl-tmp/opencv/opencv/build/CMakeFiles/CMakeTmp/CheckSymbolExists.c:
/* */
#include <malloc.h>

int main(int argc, char** argv)
{
  (void)argv;
#ifndef _aligned_malloc
  return ((int*)(&_aligned_malloc))[argc];
#else
  (void)argc;
  return 0;
#endif
}

Build output check failed:
    Regex: 'unrecognized .*option'
    Output line: 'cc1: warning: unrecognized command line option ‘-Wno-cast-function-type’'
Compilation failed:
    source file: '/root/autodl-tmp/opencv/opencv/build/CMakeFiles/CMakeTmp/src.c'
    check option: ' -Wno-cast-function-type'
===== BUILD LOG =====
Change Dir: /root/autodl-tmp/opencv/opencv/build/CMakeFiles/CMakeTmp

Run Build Command:"/usr/bin/make" "cmTC_cc843/fast"
/usr/bin/make -f CMakeFiles/cmTC_cc843.dir/build.make CMakeFiles/cmTC_cc843.dir/build
make[1]: Entering directory '/root/autodl-tmp/opencv/opencv/build/CMakeFiles/CMakeTmp'
Building C object CMakeFiles/cmTC_cc843.dir/src.c.o
/usr/bin/cc   -fsigned-char -ffast-math -W -Wall -Werror=return-type -Werror=address -Werror=sequence-point -Wformat -Werror=format-security -Wmissing-declarations -Wmissing-prototypes -Winit-self -Wpointer-arith -Wshadow -Wuninitialized -Winit-self -Wno-comment -Wimplicit-fallthrough=3 -Wno-strict-overflow -fdiagnostics-show-option -Wno-long-long -pthread -fomit-frame-pointer -ffunction-sections -fdata-sections  -msse -msse2 -msse3 -fvisibility=hidden -Wno-undef -Wno-strict-prototypes  -O3 -DNDEBUG  -DNDEBUG -fPIE   -Wno-cast-function-type -o CMakeFiles/cmTC_cc843.dir/src.c.o   -c /root/autodl-tmp/opencv/opencv/build/CMakeFiles/CMakeTmp/src.c
/root/autodl-tmp/opencv/opencv/build/CMakeFiles/CMakeTmp/src.c:1:0: warning: ignoring #pragma   [-Wunknown-pragmas]
 #pragma
 
cc1: warning: unrecognized command line option ‘-Wno-cast-function-type’
Linking C executable cmTC_cc843
/usr/bin/cmake -E cmake_link_script CMakeFiles/cmTC_cc843.dir/link.txt --verbose=1
/usr/bin/cc    -fsigned-char -ffast-math -W -Wall -Werror=return-type -Werror=address -Werror=sequence-point -Wformat -Werror=format-security -Wmissing-declarations -Wmissing-prototypes -Winit-self -Wpointer-arith -Wshadow -Wuninitialized -Winit-self -Wno-comment -Wimplicit-fallthrough=3 -Wno-strict-overflow -fdiagnostics-show-option -Wno-long-long -pthread -fomit-frame-pointer -ffunction-sections -fdata-sections  -msse -msse2 -msse3 -fvisibility=hidden -Wno-undef -Wno-strict-prototypes  -O3 -DNDEBUG  -DNDEBUG    -Wl,--gc-sections -Wl,--as-needed  CMakeFiles/cmTC_cc843.dir/src.c.o  -o cmTC_cc843 
make[1]: Leaving directory '/root/autodl-tmp/opencv/opencv/build/CMakeFiles/CMakeTmp'

===== END =====

Build output check failed:
    Regex: 'command[- ]line option .* is valid for .* but not for C\+\+'
    Output line: 'cc1plus: warning: command line option ‘-Wno-missing-prototypes’ is valid for C/ObjC but not for C++'
Compilation failed:
    source file: '/root/autodl-tmp/opencv/opencv/build/CMakeFiles/CMakeTmp/src.cxx'
    check option: ' -Wno-missing-prototypes'
===== BUILD LOG =====
Change Dir: /root/autodl-tmp/opencv/opencv/build/CMakeFiles/CMakeTmp

Run Build Command:"/usr/bin/make" "cmTC_dc682/fast"
/usr/bin/make -f CMakeFiles/cmTC_dc682.dir/build.make CMakeFiles/cmTC_dc682.dir/build
make[1]: Entering directory '/root/autodl-tmp/opencv/opencv/build/CMakeFiles/CMakeTmp'
Building CXX object CMakeFiles/cmTC_dc682.dir/src.cxx.o
/usr/bin/c++    -fsigned-char -ffast-math -W -Wall -Werror=return-type -Werror=non-virtual-dtor -Werror=address -Werror=sequence-point -Wformat -Werror=format-security -Wmissing-declarations -Wundef -Winit-self -Wpointer-arith -Wshadow -Wsign-promo -Wuninitialized -Winit-self -Wsuggest-override -Wno-delete-non-virtual-dtor -Wno-comment -Wimplicit-fallthrough=3 -Wno-strict-overflow -fdiagnostics-show-option -Wno-long-long -pthread -fomit-frame-pointer -ffunction-sections -fdata-sections  -msse -msse2 -msse3 -fvisibility=hidden -fvisibility-inlines-hidden -Wno-deprecated  -O3 -DNDEBUG  -DNDEBUG -fPIE   -Wno-missing-prototypes -std=c++11 -o CMakeFiles/cmTC_dc682.dir/src.cxx.o -c /root/autodl-tmp/opencv/opencv/build/CMakeFiles/CMakeTmp/src.cxx
cc1plus: warning: command line option ‘-Wno-missing-prototypes’ is valid for C/ObjC but not for C++
/root/autodl-tmp/opencv/opencv/build/CMakeFiles/CMakeTmp/src.cxx:1:0: warning: ignoring #pragma   [-Wunknown-pragmas]
 #pragma
 
Linking CXX executable cmTC_dc682
/usr/bin/cmake -E cmake_link_script CMakeFiles/cmTC_dc682.dir/link.txt --verbose=1
/usr/bin/c++     -fsigned-char -ffast-math -W -Wall -Werror=return-type -Werror=non-virtual-dtor -Werror=address -Werror=sequence-point -Wformat -Werror=format-security -Wmissing-declarations -Wundef -Winit-self -Wpointer-arith -Wshadow -Wsign-promo -Wuninitialized -Winit-self -Wsuggest-override -Wno-delete-non-virtual-dtor -Wno-comment -Wimplicit-fallthrough=3 -Wno-strict-overflow -fdiagnostics-show-option -Wno-long-long -pthread -fomit-frame-pointer -ffunction-sections -fdata-sections  -msse -msse2 -msse3 -fvisibility=hidden -fvisibility-inlines-hidden -Wno-deprecated  -O3 -DNDEBUG  -DNDEBUG    -Wl,--gc-sections -Wl,--as-needed  CMakeFiles/cmTC_dc682.dir/src.cxx.o  -o cmTC_dc682 
make[1]: Leaving directory '/root/autodl-tmp/opencv/opencv/build/CMakeFiles/CMakeTmp'

===== END =====

Build output check failed:
    Regex: 'unrecognized .*option'
    Output line: 'cc1plus: warning: unrecognized command line option ‘-Wno-tautological-undefined-compare’'
Compilation failed:
    source file: '/root/autodl-tmp/opencv/opencv/build/CMakeFiles/CMakeTmp/src.cxx'
    check option: ' -Wno-tautological-undefined-compare'
===== BUILD LOG =====
Change Dir: /root/autodl-tmp/opencv/opencv/build/CMakeFiles/CMakeTmp

Run Build Command:"/usr/bin/make" "cmTC_73adc/fast"
/usr/bin/make -f CMakeFiles/cmTC_73adc.dir/build.make CMakeFiles/cmTC_73adc.dir/build
make[1]: Entering directory '/root/autodl-tmp/opencv/opencv/build/CMakeFiles/CMakeTmp'
Building CXX object CMakeFiles/cmTC_73adc.dir/src.cxx.o
/usr/bin/c++    -fsigned-char -ffast-math -W -Wall -Werror=return-type -Werror=non-virtual-dtor -Werror=address -Werror=sequence-point -Wformat -Werror=format-security -Winit-self -Wpointer-arith -Wuninitialized -Winit-self -Wsuggest-override -Wno-delete-non-virtual-dtor -Wno-comment -Wimplicit-fallthrough=3 -Wno-strict-overflow -fdiagnostics-show-option -Wno-long-long -pthread -fomit-frame-pointer -ffunction-sections -fdata-sections  -msse -msse2 -msse3 -fvisibility=hidden -fvisibility-inlines-hidden -Wno-deprecated -Wno-missing-declarations -Wno-shadow -Wno-unused-parameter -Wno-unused-local-typedefs -Wno-sign-compare -Wno-sign-promo -Wno-undef  -O3 -DNDEBUG  -DNDEBUG -fPIE   -Wno-tautological-undefined-compare -std=c++11 -o CMakeFiles/cmTC_73adc.dir/src.cxx.o -c /root/autodl-tmp/opencv/opencv/build/CMakeFiles/CMakeTmp/src.cxx
/root/autodl-tmp/opencv/opencv/build/CMakeFiles/CMakeTmp/src.cxx:1:0: warning: ignoring #pragma   [-Wunknown-pragmas]
 #pragma
 
cc1plus: warning: unrecognized command line option ‘-Wno-tautological-undefined-compare’
Linking CXX executable cmTC_73adc
/usr/bin/cmake -E cmake_link_script CMakeFiles/cmTC_73adc.dir/link.txt --verbose=1
/usr/bin/c++     -fsigned-char -ffast-math -W -Wall -Werror=return-type -Werror=non-virtual-dtor -Werror=address -Werror=sequence-point -Wformat -Werror=format-security -Winit-self -Wpointer-arith -Wuninitialized -Winit-self -Wsuggest-override -Wno-delete-non-virtual-dtor -Wno-comment -Wimplicit-fallthrough=3 -Wno-strict-overflow -fdiagnostics-show-option -Wno-long-long -pthread -fomit-frame-pointer -ffunction-sections -fdata-sections  -msse -msse2 -msse3 -fvisibility=hidden -fvisibility-inlines-hidden -Wno-deprecated -Wno-missing-declarations -Wno-shadow -Wno-unused-parameter -Wno-unused-local-typedefs -Wno-sign-compare -Wno-sign-promo -Wno-undef  -O3 -DNDEBUG  -DNDEBUG    -Wl,--gc-sections -Wl,--as-needed  CMakeFiles/cmTC_73adc.dir/src.cxx.o  -o cmTC_73adc 
make[1]: Leaving directory '/root/autodl-tmp/opencv/opencv/build/CMakeFiles/CMakeTmp'

===== END =====

Build output check failed:
    Regex: 'unrecognized .*option'
    Output line: 'cc1plus: warning: unrecognized command line option ‘-Wno-shorten-64-to-32’'
Compilation failed:
    source file: '/root/autodl-tmp/opencv/opencv/build/CMakeFiles/CMakeTmp/src.cxx'
    check option: ' -Wno-shorten-64-to-32'
===== BUILD LOG =====
Change Dir: /root/autodl-tmp/opencv/opencv/build/CMakeFiles/CMakeTmp

Run Build Command:"/usr/bin/make" "cmTC_33dde/fast"
/usr/bin/make -f CMakeFiles/cmTC_33dde.dir/build.make CMakeFiles/cmTC_33dde.dir/build
make[1]: Entering directory '/root/autodl-tmp/opencv/opencv/build/CMakeFiles/CMakeTmp'
Building CXX object CMakeFiles/cmTC_33dde.dir/src.cxx.o
/usr/bin/c++    -fsigned-char -ffast-math -W -Wall -Werror=return-type -Werror=non-virtual-dtor -Werror=address -Werror=sequence-point -Wformat -Werror=format-security -Winit-self -Wpointer-arith -Wuninitialized -Winit-self -Wsuggest-override -Wno-delete-non-virtual-dtor -Wno-comment -Wimplicit-fallthrough=3 -Wno-strict-overflow -fdiagnostics-show-option -Wno-long-long -pthread -fomit-frame-pointer -ffunction-sections -fdata-sections  -msse -msse2 -msse3 -fvisibility=hidden -fvisibility-inlines-hidden -Wno-deprecated -Wno-missing-declarations -Wno-shadow -Wno-unused-parameter -Wno-unused-local-typedefs -Wno-sign-compare -Wno-sign-promo -Wno-undef -Wno-ignored-qualifiers -Wno-extra -Wno-unused-function -Wno-unused-const-variable  -O3 -DNDEBUG  -DNDEBUG -fPIE   -Wno-shorten-64-to-32 -std=c++11 -o CMakeFiles/cmTC_33dde.dir/src.cxx.o -c /root/autodl-tmp/opencv/opencv/build/CMakeFiles/CMakeTmp/src.cxx
/root/autodl-tmp/opencv/opencv/build/CMakeFiles/CMakeTmp/src.cxx:1:0: warning: ignoring #pragma   [-Wunknown-pragmas]
 #pragma
 
cc1plus: warning: unrecognized command line option ‘-Wno-shorten-64-to-32’
Linking CXX executable cmTC_33dde
/usr/bin/cmake -E cmake_link_script CMakeFiles/cmTC_33dde.dir/link.txt --verbose=1
/usr/bin/c++     -fsigned-char -ffast-math -W -Wall -Werror=return-type -Werror=non-virtual-dtor -Werror=address -Werror=sequence-point -Wformat -Werror=format-security -Winit-self -Wpointer-arith -Wuninitialized -Winit-self -Wsuggest-override -Wno-delete-non-virtual-dtor -Wno-comment -Wimplicit-fallthrough=3 -Wno-strict-overflow -fdiagnostics-show-option -Wno-long-long -pthread -fomit-frame-pointer -ffunction-sections -fdata-sections  -msse -msse2 -msse3 -fvisibility=hidden -fvisibility-inlines-hidden -Wno-deprecated -Wno-missing-declarations -Wno-shadow -Wno-unused-parameter -Wno-unused-local-typedefs -Wno-sign-compare -Wno-sign-promo -Wno-undef -Wno-ignored-qualifiers -Wno-extra -Wno-unused-function -Wno-unused-const-variable  -O3 -DNDEBUG  -DNDEBUG    -Wl,--gc-sections -Wl,--as-needed  CMakeFiles/cmTC_33dde.dir/src.cxx.o  -o cmTC_33dde 
make[1]: Leaving directory '/root/autodl-tmp/opencv/opencv/build/CMakeFiles/CMakeTmp'

===== END =====

Build output check failed:
    Regex: 'unrecognized .*option'
    Output line: 'cc1plus: warning: unrecognized command line option ‘-Wno-enum-compare-switch’'
Compilation failed:
    source file: '/root/autodl-tmp/opencv/opencv/build/CMakeFiles/CMakeTmp/src.cxx'
    check option: ' -Wno-enum-compare-switch'
===== BUILD LOG =====
Change Dir: /root/autodl-tmp/opencv/opencv/build/CMakeFiles/CMakeTmp

Run Build Command:"/usr/bin/make" "cmTC_069a2/fast"
/usr/bin/make -f CMakeFiles/cmTC_069a2.dir/build.make CMakeFiles/cmTC_069a2.dir/build
make[1]: Entering directory '/root/autodl-tmp/opencv/opencv/build/CMakeFiles/CMakeTmp'
Building CXX object CMakeFiles/cmTC_069a2.dir/src.cxx.o
/usr/bin/c++    -fsigned-char -ffast-math -W -Wall -Werror=return-type -Werror=non-virtual-dtor -Werror=address -Werror=sequence-point -Wformat -Werror=format-security -Winit-self -Wpointer-arith -Wuninitialized -Winit-self -Wsuggest-override -Wno-delete-non-virtual-dtor -Wno-comment -Wimplicit-fallthrough=3 -Wno-strict-overflow -fdiagnostics-show-option -Wno-long-long -pthread -fomit-frame-pointer -ffunction-sections -fdata-sections  -msse -msse2 -msse3 -fvisibility=hidden -fvisibility-inlines-hidden -Wno-deprecated -Wno-missing-declarations -Wno-shadow -Wno-unused-parameter -Wno-unused-local-typedefs -Wno-sign-compare -Wno-sign-promo -Wno-undef -Wno-ignored-qualifiers -Wno-extra -Wno-unused-function -Wno-unused-const-variable -Wno-invalid-offsetof  -O3 -DNDEBUG  -DNDEBUG -fPIE   -Wno-enum-compare-switch -std=c++11 -o CMakeFiles/cmTC_069a2.dir/src.cxx.o -c /root/autodl-tmp/opencv/opencv/build/CMakeFiles/CMakeTmp/src.cxx
/root/autodl-tmp/opencv/opencv/build/CMakeFiles/CMakeTmp/src.cxx:1:0: warning: ignoring #pragma   [-Wunknown-pragmas]
 #pragma
 
cc1plus: warning: unrecognized command line option ‘-Wno-enum-compare-switch’
Linking CXX executable cmTC_069a2
/usr/bin/cmake -E cmake_link_script CMakeFiles/cmTC_069a2.dir/link.txt --verbose=1
/usr/bin/c++     -fsigned-char -ffast-math -W -Wall -Werror=return-type -Werror=non-virtual-dtor -Werror=address -Werror=sequence-point -Wformat -Werror=format-security -Winit-self -Wpointer-arith -Wuninitialized -Winit-self -Wsuggest-override -Wno-delete-non-virtual-dtor -Wno-comment -Wimplicit-fallthrough=3 -Wno-strict-overflow -fdiagnostics-show-option -Wno-long-long -pthread -fomit-frame-pointer -ffunction-sections -fdata-sections  -msse -msse2 -msse3 -fvisibility=hidden -fvisibility-inlines-hidden -Wno-deprecated -Wno-missing-declarations -Wno-shadow -Wno-unused-parameter -Wno-unused-local-typedefs -Wno-sign-compare -Wno-sign-promo -Wno-undef -Wno-ignored-qualifiers -Wno-extra -Wno-unused-function -Wno-unused-const-variable -Wno-invalid-offsetof  -O3 -DNDEBUG  -DNDEBUG    -Wl,--gc-sections -Wl,--as-needed  CMakeFiles/cmTC_069a2.dir/src.cxx.o  -o cmTC_069a2 
make[1]: Leaving directory '/root/autodl-tmp/opencv/opencv/build/CMakeFiles/CMakeTmp'

===== END =====

Build output check failed:
    Regex: 'unrecognized .*option'
    Output line: 'cc1plus: warning: unrecognized command line option ‘-Wno-inconsistent-missing-override’'
Compilation failed:
    source file: '/root/autodl-tmp/opencv/opencv/build/CMakeFiles/CMakeTmp/src.cxx'
    check option: ' -Wno-inconsistent-missing-override'
===== BUILD LOG =====
Change Dir: /root/autodl-tmp/opencv/opencv/build/CMakeFiles/CMakeTmp

Run Build Command:"/usr/bin/make" "cmTC_ed293/fast"
/usr/bin/make -f CMakeFiles/cmTC_ed293.dir/build.make CMakeFiles/cmTC_ed293.dir/build
make[1]: Entering directory '/root/autodl-tmp/opencv/opencv/build/CMakeFiles/CMakeTmp'
Building CXX object CMakeFiles/cmTC_ed293.dir/src.cxx.o
/usr/bin/c++    -fsigned-char -ffast-math -W -Wall -Werror=return-type -Werror=non-virtual-dtor -Werror=address -Werror=sequence-point -Wformat -Werror=format-security -Winit-self -Wpointer-arith -Wuninitialized -Winit-self -Wno-delete-non-virtual-dtor -Wno-comment -Wimplicit-fallthrough=3 -Wno-strict-overflow -fdiagnostics-show-option -Wno-long-long -pthread -fomit-frame-pointer -ffunction-sections -fdata-sections  -msse -msse2 -msse3 -fvisibility=hidden -fvisibility-inlines-hidden -Wno-deprecated -Wno-missing-declarations -Wno-shadow -Wno-unused-parameter -Wno-unused-local-typedefs -Wno-sign-compare -Wno-sign-promo -Wno-undef -Wno-ignored-qualifiers -Wno-extra -Wno-unused-function -Wno-unused-const-variable -Wno-invalid-offsetof -Wno-suggest-override  -O3 -DNDEBUG  -DNDEBUG -fPIE   -Wno-inconsistent-missing-override -std=c++11 -o CMakeFiles/cmTC_ed293.dir/src.cxx.o -c /root/autodl-tmp/opencv/opencv/build/CMakeFiles/CMakeTmp/src.cxx
/root/autodl-tmp/opencv/opencv/build/CMakeFiles/CMakeTmp/src.cxx:1:0: warning: ignoring #pragma   [-Wunknown-pragmas]
 #pragma
 
cc1plus: warning: unrecognized command line option ‘-Wno-inconsistent-missing-override’
Linking CXX executable cmTC_ed293
/usr/bin/cmake -E cmake_link_script CMakeFiles/cmTC_ed293.dir/link.txt --verbose=1
/usr/bin/c++     -fsigned-char -ffast-math -W -Wall -Werror=return-type -Werror=non-virtual-dtor -Werror=address -Werror=sequence-point -Wformat -Werror=format-security -Winit-self -Wpointer-arith -Wuninitialized -Winit-self -Wno-delete-non-virtual-dtor -Wno-comment -Wimplicit-fallthrough=3 -Wno-strict-overflow -fdiagnostics-show-option -Wno-long-long -pthread -fomit-frame-pointer -ffunction-sections -fdata-sections  -msse -msse2 -msse3 -fvisibility=hidden -fvisibility-inlines-hidden -Wno-deprecated -Wno-missing-declarations -Wno-shadow -Wno-unused-parameter -Wno-unused-local-typedefs -Wno-sign-compare -Wno-sign-promo -Wno-undef -Wno-ignored-qualifiers -Wno-extra -Wno-unused-function -Wno-unused-const-variable -Wno-invalid-offsetof -Wno-suggest-override  -O3 -DNDEBUG  -DNDEBUG    -Wl,--gc-sections -Wl,--as-needed  CMakeFiles/cmTC_ed293.dir/src.cxx.o  -o cmTC_ed293 
make[1]: Leaving directory '/root/autodl-tmp/opencv/opencv/build/CMakeFiles/CMakeTmp'

===== END =====

Determining if the include file sys/videoio.h exists failed with the following output:
Change Dir: /root/autodl-tmp/opencv/opencv/build/CMakeFiles/CMakeTmp

Run Build Command:"/usr/bin/make" "cmTC_9b03f/fast"
/usr/bin/make -f CMakeFiles/cmTC_9b03f.dir/build.make CMakeFiles/cmTC_9b03f.dir/build
make[1]: Entering directory '/root/autodl-tmp/opencv/opencv/build/CMakeFiles/CMakeTmp'
Building C object CMakeFiles/cmTC_9b03f.dir/CheckIncludeFile.c.o
/usr/bin/cc   -fsigned-char -ffast-math -W -Wall -Werror=return-type -Werror=address -Werror=sequence-point -Wformat -Werror=format-security -Wmissing-declarations -Wmissing-prototypes -Wstrict-prototypes -Wundef -Winit-self -Wpointer-arith -Wshadow -Wuninitialized -Winit-self -Wno-comment -Wimplicit-fallthrough=3 -Wno-strict-overflow -fdiagnostics-show-option -Wno-long-long -pthread -fomit-frame-pointer -ffunction-sections -fdata-sections  -msse -msse2 -msse3 -fvisibility=hidden  -O3 -DNDEBUG  -DNDEBUG -fPIE   -o CMakeFiles/cmTC_9b03f.dir/CheckIncludeFile.c.o   -c /root/autodl-tmp/opencv/opencv/build/CMakeFiles/CMakeTmp/CheckIncludeFile.c
/root/autodl-tmp/opencv/opencv/build/CMakeFiles/CMakeTmp/CheckIncludeFile.c:1:10: fatal error: sys/videoio.h: No such file or directory
 #include <sys/videoio.h>
          ^~~~~~~~~~~~~~~
compilation terminated.
CMakeFiles/cmTC_9b03f.dir/build.make:65: recipe for target 'CMakeFiles/cmTC_9b03f.dir/CheckIncludeFile.c.o' failed
make[1]: *** [CMakeFiles/cmTC_9b03f.dir/CheckIncludeFile.c.o] Error 1
make[1]: Leaving directory '/root/autodl-tmp/opencv/opencv/build/CMakeFiles/CMakeTmp'
Makefile:126: recipe for target 'cmTC_9b03f/fast' failed
make: *** [cmTC_9b03f/fast] Error 2


Determining if the CL_VERSION_2_2 exist failed with the following output:
Change Dir: /root/autodl-tmp/opencv/opencv/build/CMakeFiles/CMakeTmp

Run Build Command:"/usr/bin/make" "cmTC_f9af2/fast"
/usr/bin/make -f CMakeFiles/cmTC_f9af2.dir/build.make CMakeFiles/cmTC_f9af2.dir/build
make[1]: Entering directory '/root/autodl-tmp/opencv/opencv/build/CMakeFiles/CMakeTmp'
Building C object CMakeFiles/cmTC_f9af2.dir/CheckSymbolExists.c.o
/usr/bin/cc   -fsigned-char -ffast-math -W -Wall -Werror=return-type -Werror=address -Werror=sequence-point -Wformat -Werror=format-security -Wmissing-declarations -Wmissing-prototypes -Wstrict-prototypes -Wundef -Winit-self -Wpointer-arith -Wshadow -Wuninitialized -Winit-self -Wno-comment -Wimplicit-fallthrough=3 -Wno-strict-overflow -fdiagnostics-show-option -Wno-long-long -pthread -fomit-frame-pointer -ffunction-sections -fdata-sections  -msse -msse2 -msse3 -fvisibility=hidden  -O3 -DNDEBUG  -DNDEBUG -fPIE   -o CMakeFiles/cmTC_f9af2.dir/CheckSymbolExists.c.o   -c /root/autodl-tmp/opencv/opencv/build/CMakeFiles/CMakeTmp/CheckSymbolExists.c
/root/autodl-tmp/opencv/opencv/build/CMakeFiles/CMakeTmp/CheckSymbolExists.c:2:10: fatal error: OpenCL_INCLUDE_DIR-NOTFOUND/CL/cl.h: No such file or directory
 #include <OpenCL_INCLUDE_DIR-NOTFOUND/CL/cl.h>
          ^~~~~~~~~~~~~~~~~~~~~~~~~~~~~~~~~~~~~
compilation terminated.
CMakeFiles/cmTC_f9af2.dir/build.make:65: recipe for target 'CMakeFiles/cmTC_f9af2.dir/CheckSymbolExists.c.o' failed
make[1]: *** [CMakeFiles/cmTC_f9af2.dir/CheckSymbolExists.c.o] Error 1
make[1]: Leaving directory '/root/autodl-tmp/opencv/opencv/build/CMakeFiles/CMakeTmp'
Makefile:126: recipe for target 'cmTC_f9af2/fast' failed
make: *** [cmTC_f9af2/fast] Error 2

File /root/autodl-tmp/opencv/opencv/build/CMakeFiles/CMakeTmp/CheckSymbolExists.c:
/* */
#include <OpenCL_INCLUDE_DIR-NOTFOUND/CL/cl.h>

int main(int argc, char** argv)
{
  (void)argv;
#ifndef CL_VERSION_2_2
  return ((int*)(&CL_VERSION_2_2))[argc];
#else
  (void)argc;
  return 0;
#endif
}

Determining if the CL_VERSION_2_1 exist failed with the following output:
Change Dir: /root/autodl-tmp/opencv/opencv/build/CMakeFiles/CMakeTmp

Run Build Command:"/usr/bin/make" "cmTC_03cde/fast"
/usr/bin/make -f CMakeFiles/cmTC_03cde.dir/build.make CMakeFiles/cmTC_03cde.dir/build
make[1]: Entering directory '/root/autodl-tmp/opencv/opencv/build/CMakeFiles/CMakeTmp'
Building C object CMakeFiles/cmTC_03cde.dir/CheckSymbolExists.c.o
/usr/bin/cc   -fsigned-char -ffast-math -W -Wall -Werror=return-type -Werror=address -Werror=sequence-point -Wformat -Werror=format-security -Wmissing-declarations -Wmissing-prototypes -Wstrict-prototypes -Wundef -Winit-self -Wpointer-arith -Wshadow -Wuninitialized -Winit-self -Wno-comment -Wimplicit-fallthrough=3 -Wno-strict-overflow -fdiagnostics-show-option -Wno-long-long -pthread -fomit-frame-pointer -ffunction-sections -fdata-sections  -msse -msse2 -msse3 -fvisibility=hidden  -O3 -DNDEBUG  -DNDEBUG -fPIE   -o CMakeFiles/cmTC_03cde.dir/CheckSymbolExists.c.o   -c /root/autodl-tmp/opencv/opencv/build/CMakeFiles/CMakeTmp/CheckSymbolExists.c
/root/autodl-tmp/opencv/opencv/build/CMakeFiles/CMakeTmp/CheckSymbolExists.c:2:10: fatal error: OpenCL_INCLUDE_DIR-NOTFOUND/CL/cl.h: No such file or directory
 #include <OpenCL_INCLUDE_DIR-NOTFOUND/CL/cl.h>
          ^~~~~~~~~~~~~~~~~~~~~~~~~~~~~~~~~~~~~
compilation terminated.
CMakeFiles/cmTC_03cde.dir/build.make:65: recipe for target 'CMakeFiles/cmTC_03cde.dir/CheckSymbolExists.c.o' failed
make[1]: *** [CMakeFiles/cmTC_03cde.dir/CheckSymbolExists.c.o] Error 1
make[1]: Leaving directory '/root/autodl-tmp/opencv/opencv/build/CMakeFiles/CMakeTmp'
Makefile:126: recipe for target 'cmTC_03cde/fast' failed
make: *** [cmTC_03cde/fast] Error 2

File /root/autodl-tmp/opencv/opencv/build/CMakeFiles/CMakeTmp/CheckSymbolExists.c:
/* */
#include <OpenCL_INCLUDE_DIR-NOTFOUND/CL/cl.h>

int main(int argc, char** argv)
{
  (void)argv;
#ifndef CL_VERSION_2_1
  return ((int*)(&CL_VERSION_2_1))[argc];
#else
  (void)argc;
  return 0;
#endif
}

Determining if the CL_VERSION_2_0 exist failed with the following output:
Change Dir: /root/autodl-tmp/opencv/opencv/build/CMakeFiles/CMakeTmp

Run Build Command:"/usr/bin/make" "cmTC_24c46/fast"
/usr/bin/make -f CMakeFiles/cmTC_24c46.dir/build.make CMakeFiles/cmTC_24c46.dir/build
make[1]: Entering directory '/root/autodl-tmp/opencv/opencv/build/CMakeFiles/CMakeTmp'
Building C object CMakeFiles/cmTC_24c46.dir/CheckSymbolExists.c.o
/usr/bin/cc   -fsigned-char -ffast-math -W -Wall -Werror=return-type -Werror=address -Werror=sequence-point -Wformat -Werror=format-security -Wmissing-declarations -Wmissing-prototypes -Wstrict-prototypes -Wundef -Winit-self -Wpointer-arith -Wshadow -Wuninitialized -Winit-self -Wno-comment -Wimplicit-fallthrough=3 -Wno-strict-overflow -fdiagnostics-show-option -Wno-long-long -pthread -fomit-frame-pointer -ffunction-sections -fdata-sections  -msse -msse2 -msse3 -fvisibility=hidden  -O3 -DNDEBUG  -DNDEBUG -fPIE   -o CMakeFiles/cmTC_24c46.dir/CheckSymbolExists.c.o   -c /root/autodl-tmp/opencv/opencv/build/CMakeFiles/CMakeTmp/CheckSymbolExists.c
/root/autodl-tmp/opencv/opencv/build/CMakeFiles/CMakeTmp/CheckSymbolExists.c:2:10: fatal error: OpenCL_INCLUDE_DIR-NOTFOUND/CL/cl.h: No such file or directory
 #include <OpenCL_INCLUDE_DIR-NOTFOUND/CL/cl.h>
          ^~~~~~~~~~~~~~~~~~~~~~~~~~~~~~~~~~~~~
compilation terminated.
CMakeFiles/cmTC_24c46.dir/build.make:65: recipe for target 'CMakeFiles/cmTC_24c46.dir/CheckSymbolExists.c.o' failed
make[1]: *** [CMakeFiles/cmTC_24c46.dir/CheckSymbolExists.c.o] Error 1
make[1]: Leaving directory '/root/autodl-tmp/opencv/opencv/build/CMakeFiles/CMakeTmp'
Makefile:126: recipe for target 'cmTC_24c46/fast' failed
make: *** [cmTC_24c46/fast] Error 2

File /root/autodl-tmp/opencv/opencv/build/CMakeFiles/CMakeTmp/CheckSymbolExists.c:
/* */
#include <OpenCL_INCLUDE_DIR-NOTFOUND/CL/cl.h>

int main(int argc, char** argv)
{
  (void)argv;
#ifndef CL_VERSION_2_0
  return ((int*)(&CL_VERSION_2_0))[argc];
#else
  (void)argc;
  return 0;
#endif
}

Determining if the CL_VERSION_1_2 exist failed with the following output:
Change Dir: /root/autodl-tmp/opencv/opencv/build/CMakeFiles/CMakeTmp

Run Build Command:"/usr/bin/make" "cmTC_77c44/fast"
/usr/bin/make -f CMakeFiles/cmTC_77c44.dir/build.make CMakeFiles/cmTC_77c44.dir/build
make[1]: Entering directory '/root/autodl-tmp/opencv/opencv/build/CMakeFiles/CMakeTmp'
Building C object CMakeFiles/cmTC_77c44.dir/CheckSymbolExists.c.o
/usr/bin/cc   -fsigned-char -ffast-math -W -Wall -Werror=return-type -Werror=address -Werror=sequence-point -Wformat -Werror=format-security -Wmissing-declarations -Wmissing-prototypes -Wstrict-prototypes -Wundef -Winit-self -Wpointer-arith -Wshadow -Wuninitialized -Winit-self -Wno-comment -Wimplicit-fallthrough=3 -Wno-strict-overflow -fdiagnostics-show-option -Wno-long-long -pthread -fomit-frame-pointer -ffunction-sections -fdata-sections  -msse -msse2 -msse3 -fvisibility=hidden  -O3 -DNDEBUG  -DNDEBUG -fPIE   -o CMakeFiles/cmTC_77c44.dir/CheckSymbolExists.c.o   -c /root/autodl-tmp/opencv/opencv/build/CMakeFiles/CMakeTmp/CheckSymbolExists.c
/root/autodl-tmp/opencv/opencv/build/CMakeFiles/CMakeTmp/CheckSymbolExists.c:2:10: fatal error: OpenCL_INCLUDE_DIR-NOTFOUND/CL/cl.h: No such file or directory
 #include <OpenCL_INCLUDE_DIR-NOTFOUND/CL/cl.h>
          ^~~~~~~~~~~~~~~~~~~~~~~~~~~~~~~~~~~~~
compilation terminated.
CMakeFiles/cmTC_77c44.dir/build.make:65: recipe for target 'CMakeFiles/cmTC_77c44.dir/CheckSymbolExists.c.o' failed
make[1]: *** [CMakeFiles/cmTC_77c44.dir/CheckSymbolExists.c.o] Error 1
make[1]: Leaving directory '/root/autodl-tmp/opencv/opencv/build/CMakeFiles/CMakeTmp'
Makefile:126: recipe for target 'cmTC_77c44/fast' failed
make: *** [cmTC_77c44/fast] Error 2

File /root/autodl-tmp/opencv/opencv/build/CMakeFiles/CMakeTmp/CheckSymbolExists.c:
/* */
#include <OpenCL_INCLUDE_DIR-NOTFOUND/CL/cl.h>

int main(int argc, char** argv)
{
  (void)argv;
#ifndef CL_VERSION_1_2
  return ((int*)(&CL_VERSION_1_2))[argc];
#else
  (void)argc;
  return 0;
#endif
}

Determining if the CL_VERSION_1_1 exist failed with the following output:
Change Dir: /root/autodl-tmp/opencv/opencv/build/CMakeFiles/CMakeTmp

Run Build Command:"/usr/bin/make" "cmTC_24296/fast"
/usr/bin/make -f CMakeFiles/cmTC_24296.dir/build.make CMakeFiles/cmTC_24296.dir/build
make[1]: Entering directory '/root/autodl-tmp/opencv/opencv/build/CMakeFiles/CMakeTmp'
Building C object CMakeFiles/cmTC_24296.dir/CheckSymbolExists.c.o
/usr/bin/cc   -fsigned-char -ffast-math -W -Wall -Werror=return-type -Werror=address -Werror=sequence-point -Wformat -Werror=format-security -Wmissing-declarations -Wmissing-prototypes -Wstrict-prototypes -Wundef -Winit-self -Wpointer-arith -Wshadow -Wuninitialized -Winit-self -Wno-comment -Wimplicit-fallthrough=3 -Wno-strict-overflow -fdiagnostics-show-option -Wno-long-long -pthread -fomit-frame-pointer -ffunction-sections -fdata-sections  -msse -msse2 -msse3 -fvisibility=hidden  -O3 -DNDEBUG  -DNDEBUG -fPIE   -o CMakeFiles/cmTC_24296.dir/CheckSymbolExists.c.o   -c /root/autodl-tmp/opencv/opencv/build/CMakeFiles/CMakeTmp/CheckSymbolExists.c
/root/autodl-tmp/opencv/opencv/build/CMakeFiles/CMakeTmp/CheckSymbolExists.c:2:10: fatal error: OpenCL_INCLUDE_DIR-NOTFOUND/CL/cl.h: No such file or directory
 #include <OpenCL_INCLUDE_DIR-NOTFOUND/CL/cl.h>
          ^~~~~~~~~~~~~~~~~~~~~~~~~~~~~~~~~~~~~
compilation terminated.
CMakeFiles/cmTC_24296.dir/build.make:65: recipe for target 'CMakeFiles/cmTC_24296.dir/CheckSymbolExists.c.o' failed
make[1]: *** [CMakeFiles/cmTC_24296.dir/CheckSymbolExists.c.o] Error 1
make[1]: Leaving directory '/root/autodl-tmp/opencv/opencv/build/CMakeFiles/CMakeTmp'
Makefile:126: recipe for target 'cmTC_24296/fast' failed
make: *** [cmTC_24296/fast] Error 2

File /root/autodl-tmp/opencv/opencv/build/CMakeFiles/CMakeTmp/CheckSymbolExists.c:
/* */
#include <OpenCL_INCLUDE_DIR-NOTFOUND/CL/cl.h>

int main(int argc, char** argv)
{
  (void)argv;
#ifndef CL_VERSION_1_1
  return ((int*)(&CL_VERSION_1_1))[argc];
#else
  (void)argc;
  return 0;
#endif
}

Determining if the CL_VERSION_1_0 exist failed with the following output:
Change Dir: /root/autodl-tmp/opencv/opencv/build/CMakeFiles/CMakeTmp

Run Build Command:"/usr/bin/make" "cmTC_aefe3/fast"
/usr/bin/make -f CMakeFiles/cmTC_aefe3.dir/build.make CMakeFiles/cmTC_aefe3.dir/build
make[1]: Entering directory '/root/autodl-tmp/opencv/opencv/build/CMakeFiles/CMakeTmp'
Building C object CMakeFiles/cmTC_aefe3.dir/CheckSymbolExists.c.o
/usr/bin/cc   -fsigned-char -ffast-math -W -Wall -Werror=return-type -Werror=address -Werror=sequence-point -Wformat -Werror=format-security -Wmissing-declarations -Wmissing-prototypes -Wstrict-prototypes -Wundef -Winit-self -Wpointer-arith -Wshadow -Wuninitialized -Winit-self -Wno-comment -Wimplicit-fallthrough=3 -Wno-strict-overflow -fdiagnostics-show-option -Wno-long-long -pthread -fomit-frame-pointer -ffunction-sections -fdata-sections  -msse -msse2 -msse3 -fvisibility=hidden  -O3 -DNDEBUG  -DNDEBUG -fPIE   -o CMakeFiles/cmTC_aefe3.dir/CheckSymbolExists.c.o   -c /root/autodl-tmp/opencv/opencv/build/CMakeFiles/CMakeTmp/CheckSymbolExists.c
/root/autodl-tmp/opencv/opencv/build/CMakeFiles/CMakeTmp/CheckSymbolExists.c:2:10: fatal error: OpenCL_INCLUDE_DIR-NOTFOUND/CL/cl.h: No such file or directory
 #include <OpenCL_INCLUDE_DIR-NOTFOUND/CL/cl.h>
          ^~~~~~~~~~~~~~~~~~~~~~~~~~~~~~~~~~~~~
compilation terminated.
CMakeFiles/cmTC_aefe3.dir/build.make:65: recipe for target 'CMakeFiles/cmTC_aefe3.dir/CheckSymbolExists.c.o' failed
make[1]: *** [CMakeFiles/cmTC_aefe3.dir/CheckSymbolExists.c.o] Error 1
make[1]: Leaving directory '/root/autodl-tmp/opencv/opencv/build/CMakeFiles/CMakeTmp'
Makefile:126: recipe for target 'cmTC_aefe3/fast' failed
make: *** [cmTC_aefe3/fast] Error 2

File /root/autodl-tmp/opencv/opencv/build/CMakeFiles/CMakeTmp/CheckSymbolExists.c:
/* */
#include <OpenCL_INCLUDE_DIR-NOTFOUND/CL/cl.h>

int main(int argc, char** argv)
{
  (void)argv;
#ifndef CL_VERSION_1_0
  return ((int*)(&CL_VERSION_1_0))[argc];
#else
  (void)argc;
  return 0;
#endif
}

